<?xml version="1.0" encoding="UTF-8"?>
<testng-results ignored="0" total="1" passed="1" failed="0" skipped="0">
  <reporter-output>
  </reporter-output>
  <suite started-at="2025-03-19T16:43:44 IST" name="Suite" finished-at="2025-03-19T16:59:50 IST" duration-ms="966349">
    <groups>
      <group name="cucumber">
        <method signature="AbstractTestNGCucumberTests.runScenario(io.cucumber.testng.PickleWrapper,io.cucumber.testng.FeatureWrapper)[pri:0, instance:com.leaftaps.testcases.TC003_CreateLead@7c137fd5]" name="runScenario" class="io.cucumber.testng.AbstractTestNGCucumberTests"/>
      </group> <!-- cucumber -->
    </groups>
    <test started-at="2025-03-19T16:43:44 IST" name="Test" finished-at="2025-03-19T16:59:50 IST" duration-ms="966349">
      <class name="com.leaftaps.testcases.TC003_CreateLead">
        <test-method is-config="true" signature="startReport()[pri:0, instance:com.leaftaps.testcases.TC003_CreateLead@7c137fd5]" started-at="2025-03-19T16:41:06 IST" name="startReport" finished-at="2025-03-19T16:43:33 IST" duration-ms="147413" status="PASS">
          <reporter-output>
          </reporter-output>
        </test-method> <!-- startReport -->
        <test-method is-config="true" signature="setValues()[pri:0, instance:com.leaftaps.testcases.TC003_CreateLead@7c137fd5]" started-at="2025-03-19T16:43:44 IST" name="setValues" finished-at="2025-03-19T16:44:14 IST" duration-ms="29944" status="PASS">
          <reporter-output>
          </reporter-output>
        </test-method> <!-- setValues -->
        <test-method is-config="true" signature="setUpClass(org.testng.ITestContext)[pri:0, instance:com.leaftaps.testcases.TC003_CreateLead@7c137fd5]" started-at="2025-03-19T16:44:53 IST" name="setUpClass" finished-at="2025-03-19T16:44:58 IST" duration-ms="5335" status="PASS">
          <params>
            <param index="0">
              <value>
                <![CDATA[org.testng.TestRunner@29d405e6]]>
              </value>
            </param>
          </params>
          <reporter-output>
          </reporter-output>
        </test-method> <!-- setUpClass -->
        <test-method is-config="true" signature="startTestCase()[pri:0, instance:com.leaftaps.testcases.TC003_CreateLead@7c137fd5]" started-at="2025-03-19T16:44:58 IST" name="startTestCase" finished-at="2025-03-19T16:45:14 IST" duration-ms="15943" status="PASS">
          <reporter-output>
          </reporter-output>
        </test-method> <!-- startTestCase -->
        <test-method is-config="true" signature="preCondition()[pri:0, instance:com.leaftaps.testcases.TC003_CreateLead@7c137fd5]" started-at="2025-03-19T16:46:18 IST" name="preCondition" finished-at="2025-03-19T16:48:11 IST" duration-ms="112612" status="PASS">
          <reporter-output>
          </reporter-output>
        </test-method> <!-- preCondition -->
        <test-method signature="runLogin(java.lang.String,java.lang.String,java.lang.String,java.lang.String,java.lang.String)[pri:0, instance:com.leaftaps.testcases.TC003_CreateLead@7c137fd5]" started-at="2025-03-19T16:48:36 IST" name="runLogin" data-provider="fetchData" finished-at="2025-03-19T16:58:24 IST" duration-ms="587723" status="PASS">
          <params>
            <param index="0">
              <value>
                <![CDATA[Demosalesmanager]]>
              </value>
            </param>
            <param index="1">
              <value>
                <![CDATA[crmsfa]]>
              </value>
            </param>
            <param index="2">
              <value>
                <![CDATA[Testleaf]]>
              </value>
            </param>
            <param index="3">
              <value>
                <![CDATA[Babu]]>
              </value>
            </param>
            <param index="4">
              <value>
                <![CDATA[M]]>
              </value>
            </param>
          </params>
          <reporter-output>
          </reporter-output>
        </test-method> <!-- runLogin -->
        <test-method is-config="true" signature="postCondition()[pri:0, instance:com.leaftaps.testcases.TC003_CreateLead@7c137fd5]" started-at="2025-03-19T16:58:36 IST" name="postCondition" finished-at="2025-03-19T16:59:17 IST" duration-ms="41218" status="PASS">
          <reporter-output>
          </reporter-output>
        </test-method> <!-- postCondition -->
        <test-method is-config="true" signature="tearDownClass()[pri:0, instance:com.leaftaps.testcases.TC003_CreateLead@7c137fd5]" started-at="2025-03-19T16:59:44 IST" name="tearDownClass" finished-at="2025-03-19T16:59:44 IST" duration-ms="363" status="PASS">
          <reporter-output>
          </reporter-output>
        </test-method> <!-- tearDownClass -->
        <test-method is-config="true" signature="endResult()[pri:0, instance:com.leaftaps.testcases.TC003_CreateLead@7c137fd5]" started-at="2025-03-19T16:59:56 IST" name="endResult" finished-at="2025-03-19T17:00:04 IST" duration-ms="7504" status="PASS">
          <reporter-output>
          </reporter-output>
        </test-method> <!-- endResult -->
      </class> <!-- com.leaftaps.testcases.TC003_CreateLead -->
    </test> <!-- Test -->
  </suite> <!-- Suite -->
</testng-results>
